<?xml version="1.0" encoding="UTF-8"?>
<!-- Generated by org.testng.reporters.JUnitXMLReporter -->
<testsuite ignored="0" hostname="DESKTOP-6BS8MC7" failures="0" tests="6" name="Test1" time="33.0" errors="0" timestamp="2022-02-23T17:54:40 IST">
  <testcase classname="pak123.TestNG" name="verifyUserTab" time="2.529"/>
  <testcase classname="pak123.TestNG" name="verifyTaskTab" time="27.11"/>
  <testcase classname="pak123.GenralTestNG" name="testA" time="0.003"/>
  <testcase classname="pak123.GenralTestNG" name="testB" time="0.003"/>
  <testcase classname="pak123.GenralTestNG" name="testC" time="0.002"/>
  <testcase classname="pak123.GenralTestNG" name="testD" time="0.002"/>
</testsuite> <!-- Test1 -->
